<?xml version="1.0" encoding="UTF-8"?>
<!-- Generated by org.testng.reporters.JUnitReportReporter -->
<testsuite hostname="CO-IT023377" failures="0" tests="1" name="cucumber.TestNGTestRunner" time="17.240" errors="0" timestamp="2024-07-25T23:24:23 COT" skipped="0">
  <testcase classname="cucumber.TestNGTestRunner" name="runScenario" time="17.240"/>
</testsuite> <!-- cucumber.TestNGTestRunner -->
