<?xml version="1.0" encoding="UTF-8"?>
<!-- Generated by org.testng.reporters.JUnitReportReporter -->
<testsuite hostname="CO-IT023377" failures="0" tests="2" name="org.dalvarez.tests.ErrorValidationsTest" time="33.602" errors="0" timestamp="2024-07-31T20:17:12 COT" skipped="0">
  <testcase classname="org.dalvarez.tests.ErrorValidationsTest" name="failedLogin" time="10.173"/>
  <testcase classname="org.dalvarez.tests.ErrorValidationsTest" name="productErrorValidation" time="23.429"/>
</testsuite> <!-- org.dalvarez.tests.ErrorValidationsTest -->
